<?xml version="1.0" encoding="UTF-8"?>
<testng-results ignored="0" total="1" passed="1" failed="0" skipped="0">
  <reporter-output>
  </reporter-output>
  <suite started-at="2024-08-04T00:10:41 IST" name="Default suite" finished-at="2024-08-04T00:11:15 IST" duration-ms="33370">
    <groups>
    </groups>
    <test started-at="2024-08-04T00:10:41 IST" name="Default test" finished-at="2024-08-04T00:11:15 IST" duration-ms="33370">
      <class name="testBases.AccountRegister">
        <test-method is-config="true" signature="setUp()[pri:0, instance:testBases.AccountRegister@72a85671]" started-at="2024-08-04T00:10:41 IST" name="setUp" finished-at="2024-08-04T00:11:00 IST" duration-ms="18354" status="PASS">
          <reporter-output>
          </reporter-output>
        </test-method> <!-- setUp -->
        <test-method signature="verify_register()[pri:0, instance:testBases.AccountRegister@72a85671]" started-at="2024-08-04T00:11:00 IST" name="verify_register" finished-at="2024-08-04T00:11:09 IST" duration-ms="9244" status="PASS">
          <reporter-output>
          </reporter-output>
        </test-method> <!-- verify_register -->
        <test-method is-config="true" signature="tearDown()[pri:0, instance:testBases.AccountRegister@72a85671]" started-at="2024-08-04T00:11:09 IST" name="tearDown" finished-at="2024-08-04T00:11:15 IST" duration-ms="5651" status="PASS">
          <reporter-output>
          </reporter-output>
        </test-method> <!-- tearDown -->
      </class> <!-- testBases.AccountRegister -->
    </test> <!-- Default test -->
  </suite> <!-- Default suite -->
</testng-results>
