<?xml version="1.0" encoding="UTF-8"?>
<testng-results ignored="0" total="2" passed="2" failed="0" skipped="0">
  <reporter-output>
  </reporter-output>
  <suite started-at="2024-08-11T00:13:15 IST" name="Suite" finished-at="2024-08-11T00:14:16 IST" duration-ms="60909">
    <groups>
    </groups>
    <test started-at="2024-08-11T00:13:15 IST" name="Account Register Chrome" finished-at="2024-08-11T00:14:16 IST" duration-ms="60909">
      <class name="testBases.LoginTests">
        <test-method is-config="true" signature="setUp(java.lang.String,java.lang.String)[pri:0, instance:testBases.LoginTests@4940809c]" started-at="2024-08-11T00:13:15 IST" name="setUp" finished-at="2024-08-11T00:13:38 IST" duration-ms="22938" status="PASS">
          <params>
            <param index="0">
              <value>
                <![CDATA[Windows]]>
              </value>
            </param>
            <param index="1">
              <value>
                <![CDATA[edge]]>
              </value>
            </param>
          </params>
          <reporter-output>
          </reporter-output>
        </test-method> <!-- setUp -->
        <test-method signature="verifyLogin(java.lang.String,java.lang.String,java.lang.String)[pri:0, instance:testBases.LoginTests@4940809c]" started-at="2024-08-11T00:13:45 IST" name="verifyLogin" data-provider="testdata" finished-at="2024-08-11T00:13:52 IST" duration-ms="6326" status="PASS">
          <params>
            <param index="0">
              <value>
                <![CDATA[pavanoltraining@gmail.com]]>
              </value>
            </param>
            <param index="1">
              <value>
                <![CDATA[test@123]]>
              </value>
            </param>
            <param index="2">
              <value>
                <![CDATA[Valid]]>
              </value>
            </param>
          </params>
          <reporter-output>
          </reporter-output>
        </test-method> <!-- verifyLogin -->
        <test-method signature="verifyLogin(java.lang.String,java.lang.String,java.lang.String)[pri:0, instance:testBases.LoginTests@4940809c]" started-at="2024-08-11T00:13:52 IST" name="verifyLogin" data-provider="testdata" finished-at="2024-08-11T00:14:06 IST" duration-ms="14277" status="PASS">
          <params>
            <param index="0">
              <value>
                <![CDATA[pavanoltraining@gmail.com]]>
              </value>
            </param>
            <param index="1">
              <value>
                <![CDATA[test@1234]]>
              </value>
            </param>
            <param index="2">
              <value>
                <![CDATA[Invalid]]>
              </value>
            </param>
          </params>
          <reporter-output>
          </reporter-output>
        </test-method> <!-- verifyLogin -->
        <test-method is-config="true" signature="tearDown()[pri:0, instance:testBases.LoginTests@4940809c]" started-at="2024-08-11T00:14:06 IST" name="tearDown" finished-at="2024-08-11T00:14:16 IST" duration-ms="9635" status="PASS">
          <reporter-output>
          </reporter-output>
        </test-method> <!-- tearDown -->
      </class> <!-- testBases.LoginTests -->
    </test> <!-- Account Register Chrome -->
  </suite> <!-- Suite -->
</testng-results>
